<?xml version="1.0" encoding="UTF-8"?>
<testng-results skipped="0" failed="0" ignored="0" total="1" passed="1">
  <reporter-output>
  </reporter-output>
  <suite name="Default suite" duration-ms="23094" started-at="2018-05-09T12:37:35Z" finished-at="2018-05-09T12:37:58Z">
    <groups>
    </groups>
    <test name="Default test" duration-ms="23094" started-at="2018-05-09T12:37:35Z" finished-at="2018-05-09T12:37:58Z">
      <class name="code.FlightBookingTest">
        <test-method status="PASS" signature="testThatResultsAppearForAOneWayJourney()[pri:0, instance:code.FlightBookingTest@5c7fa833]" name="testThatResultsAppearForAOneWayJourney" duration-ms="23069" started-at="2018-05-09T18:07:35Z" finished-at="2018-05-09T18:07:58Z">
          <reporter-output>
          </reporter-output>
        </test-method> <!-- testThatResultsAppearForAOneWayJourney -->
      </class> <!-- code.FlightBookingTest -->
    </test> <!-- Default test -->
  </suite> <!-- Default suite -->
</testng-results>
